Arguments: 
  /Users/rryan/.nvm/versions/node/v10.8.0/bin/node /usr/local/Cellar/yarn/1.9.4/libexec/bin/yarn.js

PATH: 
  /Users/rryan/.nvm/versions/node/v10.8.0/bin:/usr/local/bin:/usr/bin:/bin:/usr/sbin:/sbin

Yarn version: 
  1.9.4

Node version: 
  10.8.0

Platform: 
  darwin x64

Trace: 
  Error: https://hbc.jfrog.io/hbc/api/npm/hbc-virt-npm/bs-platform/-/bs-platform-2.1.0.tgz: Request failed "401 Unauthorized"
      at ResponseError.ExtendableBuiltin (/usr/local/Cellar/yarn/1.9.4/libexec/lib/cli.js:218:66)
      at new ResponseError (/usr/local/Cellar/yarn/1.9.4/libexec/lib/cli.js:324:124)
      at Request.<anonymous> (/usr/local/Cellar/yarn/1.9.4/libexec/lib/cli.js:61013:26)
      at Request.emit (events.js:182:13)
      at Request.module.exports.Request.onRequestResponse (/usr/local/Cellar/yarn/1.9.4/libexec/lib/cli.js:138345:10)
      at ClientRequest.emit (events.js:187:15)
      at HTTPParser.parserOnIncomingClient (_http_client.js:546:21)
      at HTTPParser.parserOnHeadersComplete (_http_common.js:109:17)
      at TLSSocket.socketOnData (_http_client.js:432:20)
      at TLSSocket.emit (events.js:182:13)

npm manifest: 
  {
    "name": "until-payday",
    "version": "0.1.0",
    "scripts": {
      "clean": "bsb -clean-world",
      "build": "bsb -make-world",
      "start": "node lib/js/src",
      "watch": "bsb -make-world -w"
    },
    "keywords": [
      "BuckleScript"
    ],
    "license": "MIT",
    "devDependencies": {
      "bs-platform": "^2.0.0"
    },
    "dependencies": {}
  }

yarn manifest: 
  No manifest

Lockfile: 
  # THIS IS AN AUTOGENERATED FILE. DO NOT EDIT THIS FILE DIRECTLY.
  # yarn lockfile v1
  
  
  bs-platform@^2.0.0:
    version "2.1.0"
    resolved "https://hbc.jfrog.io/hbc/api/npm/hbc-virt-npm/bs-platform/-/bs-platform-2.1.0.tgz#63560ff8f7142c9c0631559df1c35590b9f6d8b2"
